C:\USERS\TOSHIBA\DOCUMENTS\VISUAL STUDIO 2010\PROJECTS\FEISTELD\DEBUG\FEISTELD.EXE
C:\USERS\TOSHIBA\DOCUMENTS\VISUAL STUDIO 2010\PROJECTS\FEISTELD\DEBUG\FEISTELD.PDB
C:\Users\TOshiba\documents\visual studio 2010\Projects\feistelD\feistelD\Debug\cl.command.1.tlog
C:\Users\TOshiba\documents\visual studio 2010\Projects\feistelD\feistelD\Debug\CL.read.1.tlog
C:\Users\TOshiba\documents\visual studio 2010\Projects\feistelD\feistelD\Debug\CL.write.1.tlog
C:\USERS\TOSHIBA\DOCUMENTS\VISUAL STUDIO 2010\PROJECTS\FEISTELD\FEISTELD\DEBUG\FEISTEL.OBJ
C:\Users\TOshiba\documents\visual studio 2010\Projects\feistelD\feistelD\Debug\feistelD.exe.embed.manifest
C:\USERS\TOSHIBA\DOCUMENTS\VISUAL STUDIO 2010\PROJECTS\FEISTELD\FEISTELD\DEBUG\FEISTELD.EXE.EMBED.MANIFEST.RES
C:\USERS\TOSHIBA\DOCUMENTS\VISUAL STUDIO 2010\PROJECTS\FEISTELD\FEISTELD\DEBUG\FEISTELD.EXE.INTERMEDIATE.MANIFEST
C:\USERS\TOSHIBA\DOCUMENTS\VISUAL STUDIO 2010\PROJECTS\FEISTELD\FEISTELD\DEBUG\FEISTELD.OBJ
C:\Users\TOshiba\documents\visual studio 2010\Projects\feistelD\feistelD\Debug\feistelD.vcxprojResolveAssemblyReference.cache
C:\Users\TOshiba\documents\visual studio 2010\Projects\feistelD\feistelD\Debug\feistelD.write.1.tlog
C:\Users\TOshiba\documents\visual studio 2010\Projects\feistelD\feistelD\Debug\feistelD_manifest.rc
C:\Users\TOshiba\documents\visual studio 2010\Projects\feistelD\feistelD\Debug\link.command.1.tlog
C:\Users\TOshiba\documents\visual studio 2010\Projects\feistelD\feistelD\Debug\link.read.1.tlog
C:\Users\TOshiba\documents\visual studio 2010\Projects\feistelD\feistelD\Debug\link.write.1.tlog
C:\Users\TOshiba\documents\visual studio 2010\Projects\feistelD\feistelD\Debug\mt.command.1.tlog
C:\Users\TOshiba\documents\visual studio 2010\Projects\feistelD\feistelD\Debug\mt.read.1.tlog
C:\Users\TOshiba\documents\visual studio 2010\Projects\feistelD\feistelD\Debug\mt.write.1.tlog
C:\Users\TOshiba\documents\visual studio 2010\Projects\feistelD\feistelD\Debug\rc.command.1.tlog
C:\Users\TOshiba\documents\visual studio 2010\Projects\feistelD\feistelD\Debug\rc.read.1.tlog
C:\Users\TOshiba\documents\visual studio 2010\Projects\feistelD\feistelD\Debug\rc.write.1.tlog
C:\USERS\TOSHIBA\DOCUMENTS\VISUAL STUDIO 2010\PROJECTS\FEISTELD\FEISTELD\DEBUG\STDAFX.OBJ
C:\Users\TOshiba\documents\visual studio 2010\Projects\feistelD\feistelD\Debug\vc100.idb
C:\USERS\TOSHIBA\DOCUMENTS\VISUAL STUDIO 2010\PROJECTS\FEISTELD\FEISTELD\DEBUG\VC100.PDB
