Compilación iniciada a las 02/09/2014 01:44:04 p.m..
     1>Proyecto "C:\Users\TOshiba\documents\visual studio 2010\Projects\feistelD\feistelD\feistelD.vcxproj" en el nodo 2 (build destinos).
     1>InitializeBuildStatus:
         Aplicando tarea Touch a "Debug\feistelD.unsuccessfulbuild".
       ClCompile:
         C:\Program Files (x86)\Microsoft Visual Studio 10.0\VC\bin\CL.exe /c /I"C:\Users\TOshiba\Desktop\WinNTL-6_2_1\include" /ZI /nologo /W3 /WX- /Od /Oy- /D WIN32 /D _DEBUG /D _CONSOLE /D _UNICODE /D UNICODE /Gm /EHsc /RTC1 /MDd /GS /fp:precise /Zc:wchar_t /Zc:forScope /Fo"Debug\\" /Fd"Debug\vc100.pdb" /Gd /TP /analyze- /errorReport:prompt feistel.cpp feistelD.cpp stdafx.cpp
         feistel.cpp
     1>c:\users\toshiba\documents\visual studio 2010\projects\feisteld\feisteld\feistel.cpp(30): warning C4018: '<' : no coinciden signed/unsigned
     1>c:\users\toshiba\documents\visual studio 2010\projects\feisteld\feisteld\feistel.cpp(99): warning C4018: '<' : no coinciden signed/unsigned
     1>c:\users\toshiba\documents\visual studio 2010\projects\feisteld\feisteld\feistel.cpp(109): warning C4018: '>=' : no coinciden signed/unsigned
     1>c:\users\toshiba\documents\visual studio 2010\projects\feisteld\feisteld\feistel.cpp(109): warning C4018: '>=' : no coinciden signed/unsigned
     1>c:\users\toshiba\documents\visual studio 2010\projects\feisteld\feisteld\feistel.cpp(110): warning C4018: '<=' : no coinciden signed/unsigned
     1>c:\users\toshiba\documents\visual studio 2010\projects\feisteld\feisteld\feistel.cpp(112): warning C4018: '<=' : no coinciden signed/unsigned
     1>c:\users\toshiba\documents\visual studio 2010\projects\feisteld\feisteld\feistel.cpp(124): warning C4018: '<' : no coinciden signed/unsigned
     1>c:\users\toshiba\documents\visual studio 2010\projects\feisteld\feisteld\feistel.cpp(190): warning C4018: '<' : no coinciden signed/unsigned
     1>c:\users\toshiba\documents\visual studio 2010\projects\feisteld\feisteld\feistel.cpp(203): warning C4018: '>=' : no coinciden signed/unsigned
     1>c:\users\toshiba\documents\visual studio 2010\projects\feisteld\feisteld\feistel.cpp(203): warning C4018: '>=' : no coinciden signed/unsigned
     1>c:\users\toshiba\documents\visual studio 2010\projects\feisteld\feisteld\feistel.cpp(204): warning C4018: '<=' : no coinciden signed/unsigned
     1>c:\users\toshiba\documents\visual studio 2010\projects\feisteld\feisteld\feistel.cpp(206): warning C4018: '<=' : no coinciden signed/unsigned
     1>c:\users\toshiba\documents\visual studio 2010\projects\feisteld\feisteld\feistel.cpp(224): warning C4018: '<' : no coinciden signed/unsigned
     1>c:\users\toshiba\documents\visual studio 2010\projects\feisteld\feisteld\feistel.cpp(5): warning C4018: '<' : no coinciden signed/unsigned
                 c:\users\toshiba\documents\visual studio 2010\projects\feisteld\feisteld\feistel.cpp(149) : vea la referencia a la creación de instancias de plantilla de función 'std::ostream &operator <<<std::string>(std::ostream &,const std::vector<_Ty> &)' que se está compilando
                 with
                 [
                     _Ty=std::string
                 ]
     1>c:\users\toshiba\documents\visual studio 2010\projects\feisteld\feisteld\misfunciones.h(133): warning C4244: 'argumento' : conversión de 'time_t' a 'unsigned int'; posible pérdida de datos
                 c:\users\toshiba\documents\visual studio 2010\projects\feisteld\feisteld\feistel.cpp(151) : vea la referencia a la creación de instancias de plantilla de función 'std::vector<_Ty> cadPermutacion<int>(int)' que se está compilando
                 with
                 [
                     _Ty=int
                 ]
     1>c:\users\toshiba\documents\visual studio 2010\projects\feisteld\feisteld\misfunciones.h(135): warning C4018: '<' : no coinciden signed/unsigned
     1>c:\users\toshiba\documents\visual studio 2010\projects\feisteld\feisteld\misfunciones.h(130): warning C4101: 'num' : variable local sin referencia
     1>c:\users\toshiba\documents\visual studio 2010\projects\feisteld\feisteld\misfunciones.h(189): warning C4018: '<' : no coinciden signed/unsigned
                 c:\users\toshiba\documents\visual studio 2010\projects\feisteld\feisteld\feistel.cpp(226) : vea la referencia a la creación de instancias de plantilla de función 'int buscarPosicion<void>(std::vector<_Ty>,int)' que se está compilando
                 with
                 [
                     _Ty=int
                 ]
     1>c:\users\toshiba\documents\visual studio 2010\projects\feisteld\feisteld\misfunciones.h(120): warning C4018: '<' : no coinciden signed/unsigned
                 c:\users\toshiba\documents\visual studio 2010\projects\feisteld\feisteld\misfunciones.h(139) : vea la referencia a la creación de instancias de plantilla de función 'int buscarVec<bool>(std::vector<_Ty>,int)' que se está compilando
                 with
                 [
                     _Ty=int
                 ]
                 c:\users\toshiba\documents\visual studio 2010\projects\feisteld\feisteld\feistel.cpp(151) : vea la referencia a la creación de instancias de plantilla de función 'std::vector<_Ty> cadPermutacion<int>(int)' que se está compilando
                 with
                 [
                     _Ty=int
                 ]
         Generando código...
     1>c:\users\toshiba\documents\visual studio 2010\projects\feisteld\feisteld\misfunciones.h(196): warning C4715: 'buscarPosicion<void>' : no todas las rutas de acceso de control devuelven un valor
         Compilando...
         stdafx.cpp
         feistelD.cpp
         Generando código...
       Link:
         C:\Program Files (x86)\Microsoft Visual Studio 10.0\VC\bin\link.exe /ERRORREPORT:PROMPT /OUT:"C:\Users\TOshiba\documents\visual studio 2010\Projects\feistelD\Debug\feistelD.exe" /INCREMENTAL:NO /NOLOGO kernel32.lib user32.lib gdi32.lib winspool.lib comdlg32.lib advapi32.lib shell32.lib ole32.lib oleaut32.lib uuid.lib odbc32.lib odbccp32.lib /MANIFEST /ManifestFile:"Debug\feistelD.exe.intermediate.manifest" /MANIFESTUAC:"level='asInvoker' uiAccess='false'" /DEBUG /PDB:"C:\Users\TOshiba\documents\visual studio 2010\Projects\feistelD\Debug\feistelD.pdb" /SUBSYSTEM:CONSOLE /TLBID:1 /DYNAMICBASE /NXCOMPAT /IMPLIB:"C:\Users\TOshiba\documents\visual studio 2010\Projects\feistelD\Debug\feistelD.lib" /MACHINE:X86 Debug\feistel.obj
         Debug\feistelD.obj
         Debug\stdafx.obj
         ..\..\ntl\Debug\ntl.lib
     1>feistel.obj : warning LNK4075: se omite '/EDITANDCONTINUE' debido a la especificación '/INCREMENTAL:NO'
         feistelD.vcxproj -> C:\Users\TOshiba\documents\visual studio 2010\Projects\feistelD\Debug\feistelD.exe
       Manifest:
         C:\Program Files (x86)\Microsoft SDKs\Windows\v7.0A\bin\mt.exe /nologo /verbose /outputresource:"C:\Users\TOshiba\documents\visual studio 2010\Projects\feistelD\Debug\feistelD.exe;#1" /manifest Debug\feistelD.exe.intermediate.manifest
       FinalizeBuildStatus:
         Se eliminará el archivo "Debug\feistelD.unsuccessfulbuild".
         Aplicando tarea Touch a "Debug\feistelD.lastbuildstate".
     1>Compilación del proyecto terminada "C:\Users\TOshiba\documents\visual studio 2010\Projects\feistelD\feistelD\feistelD.vcxproj" (build destinos).

Compilación correcta.

Tiempo transcurrido 00:00:02.15
